Looking for git in: git
Using git 2.7.4 from git
> git rev-parse --show-toplevel
> git rev-parse --git-dir
> git config --get commit.template
Open repository: /home/jgage
> git status -z -u
> git symbolic-ref --short HEAD
> git rev-parse master
> git rev-parse --symbolic-full-name master@{u}
> git rev-list --left-right master...refs/remotes/origin/master
> git for-each-ref --format %(refname) %(objectname) --sort -committerdate
> git remote --verbose
> git check-ignore -v -z --stdin
> git status -z -u
> git symbolic-ref --short HEAD
> git rev-parse master
> git rev-parse --symbolic-full-name master@{u}
> git rev-list --left-right master...refs/remotes/origin/master
> git for-each-ref --format %(refname) %(objectname) --sort -committerdate
> git remote --verbose
> git status -z -u
> git symbolic-ref --short HEAD
> git rev-parse master
> git rev-parse --symbolic-full-name master@{u}
> git rev-list --left-right master...refs/remotes/origin/master
> git for-each-ref --format %(refname) %(objectname) --sort -committerdate
> git remote --verbose
> git pull --tags origin master
Warning: Permanently added the RSA host key for IP address '140.82.114.4' to the list of known hosts.
From github.com:gagejustins/snql
 * branch            master     -> FETCH_HEAD
> git status -z -u
> git symbolic-ref --short HEAD
> git rev-parse master
> git rev-parse --symbolic-full-name master@{u}
> git rev-list --left-right master...refs/remotes/origin/master
> git for-each-ref --format %(refname) %(objectname) --sort -committerdate
> git remote --verbose
> git status -z -u
> git symbolic-ref --short HEAD
> git rev-parse master
> git rev-parse --symbolic-full-name master@{u}
> git rev-list --left-right master...refs/remotes/origin/master
> git for-each-ref --format %(refname) %(objectname) --sort -committerdate
> git remote --verbose
> git status -z -u
> git symbolic-ref --short HEAD
> git rev-parse master
> git rev-parse --symbolic-full-name master@{u}
> git rev-list --left-right master...refs/remotes/origin/master
> git for-each-ref --format %(refname) %(objectname) --sort -committerdate
> git remote --verbose
> git status -z -u
> git symbolic-ref --short HEAD
> git rev-parse master
> git rev-parse --symbolic-full-name master@{u}
> git rev-list --left-right master...refs/remotes/origin/master
> git for-each-ref --format %(refname) %(objectname) --sort -committerdate
> git remote --verbose
> git status -z -u
> git symbolic-ref --short HEAD
> git rev-parse master
> git rev-parse --symbolic-full-name master@{u}
> git rev-list --left-right master...refs/remotes/origin/master
> git for-each-ref --format %(refname) %(objectname) --sort -committerdate
> git remote --verbose
> git check-ignore -v -z --stdin
> git check-ignore -v -z --stdin
> git status -z -u
> git symbolic-ref --short HEAD
> git rev-parse master
> git rev-parse --symbolic-full-name master@{u}
> git rev-list --left-right master...refs/remotes/origin/master
> git for-each-ref --format %(refname) %(objectname) --sort -committerdate
> git remote --verbose
> git check-ignore -v -z --stdin
> git status -z -u
> git symbolic-ref --short HEAD
> git rev-parse master
> git rev-parse --symbolic-full-name master@{u}
> git rev-list --left-right master...refs/remotes/origin/master
> git for-each-ref --format %(refname) %(objectname) --sort -committerdate
> git remote --verbose
> git status -z -u
> git symbolic-ref --short HEAD
> git rev-parse master
> git rev-parse --symbolic-full-name master@{u}
> git rev-list --left-right master...refs/remotes/origin/master
> git for-each-ref --format %(refname) %(objectname) --sort -committerdate
> git remote --verbose
> git status -z -u
> git symbolic-ref --short HEAD
> git rev-parse master
> git rev-parse --symbolic-full-name master@{u}
> git rev-list --left-right master...refs/remotes/origin/master
> git for-each-ref --format %(refname) %(objectname) --sort -committerdate
> git remote --verbose
> git status -z -u
> git symbolic-ref --short HEAD
> git rev-parse master
> git rev-parse --symbolic-full-name master@{u}
> git rev-list --left-right master...refs/remotes/origin/master
> git for-each-ref --format %(refname) %(objectname) --sort -committerdate
> git remote --verbose
> git status -z -u
> git symbolic-ref --short HEAD
> git rev-parse master
> git rev-parse --symbolic-full-name master@{u}
> git rev-list --left-right master...refs/remotes/origin/master
> git for-each-ref --format %(refname) %(objectname) --sort -committerdate
> git remote --verbose
> git status -z -u
> git symbolic-ref --short HEAD
> git rev-parse master
> git rev-parse --symbolic-full-name master@{u}
> git rev-list --left-right master...refs/remotes/origin/master
> git for-each-ref --format %(refname) %(objectname) --sort -committerdate
> git remote --verbose
> git status -z -u
> git symbolic-ref --short HEAD
> git rev-parse master
> git rev-parse --symbolic-full-name master@{u}
> git rev-list --left-right master...refs/remotes/origin/master
> git for-each-ref --format %(refname) %(objectname) --sort -committerdate
> git remote --verbose
> git status -z -u
> git symbolic-ref --short HEAD
> git rev-parse master
> git rev-parse --symbolic-full-name master@{u}
> git rev-list --left-right master...refs/remotes/origin/master
> git for-each-ref --format %(refname) %(objectname) --sort -committerdate
> git remote --verbose
> git status -z -u
> git symbolic-ref --short HEAD
> git rev-parse master
> git rev-parse --symbolic-full-name master@{u}
> git rev-list --left-right master...refs/remotes/origin/master
> git for-each-ref --format %(refname) %(objectname) --sort -committerdate
> git remote --verbose
> git status -z -u
> git symbolic-ref --short HEAD
> git rev-parse master
> git rev-parse --symbolic-full-name master@{u}
> git rev-list --left-right master...refs/remotes/origin/master
> git for-each-ref --format %(refname) %(objectname) --sort -committerdate
> git remote --verbose
> git status -z -u
> git symbolic-ref --short HEAD
> git rev-parse master
> git rev-parse --symbolic-full-name master@{u}
> git rev-list --left-right master...refs/remotes/origin/master
> git for-each-ref --format %(refname) %(objectname) --sort -committerdate
> git remote --verbose
> git status -z -u
> git symbolic-ref --short HEAD
> git rev-parse master
> git rev-parse --symbolic-full-name master@{u}
> git rev-list --left-right master...refs/remotes/origin/master
> git for-each-ref --format %(refname) %(objectname) --sort -committerdate
> git remote --verbose
> git show :app/send_sms.py
> git ls-files --stage -- app/
> git check-ignore -v -z --stdin
> git show :app/routes.py
> git show :app/__init__.py
> git show :app/forms.py
> git show :snql-server.py
> git show :app/__init__.py
> git show :snql-server.py
> git show :app/wsgi.py
> git ls-files --stage -- app/
> git check-ignore -v -z --stdin
> git show :snql-server.py
> git show :app/wsgi.py
> git ls-files --stage -- app/
> git show :app/__init__.py
> git show :app/wsgi.py
> git ls-files --stage -- app/
> git check-ignore -v -z --stdin
> git check-ignore -v -z --stdin
> git show :snql.ini
> git ls-files --stage -- ./
> git check-ignore -v -z --stdin
> git show :snql.ini
> git ls-files --stage -- ./
> git show :app/wsgi.py
> git show :snql.ini
> git ls-files --stage -- ./
> git check-ignore -v -z --stdin
> git check-ignore -v -z --stdin
> git check-ignore -v -z --stdin
> git check-ignore -v -z --stdin
> git check-ignore -v -z --stdin
> git check-ignore -v -z --stdin
> git check-ignore -v -z --stdin
> git check-ignore -v -z --stdin
> git show :snql/snql.ini
> git ls-files --stage -- snql/
> git check-ignore -v -z --stdin
> git check-ignore -v -z --stdin
> git check-ignore -v -z --stdin
> git check-ignore -v -z --stdin
> git check-ignore -v -z --stdin
> git check-ignore -v -z --stdin
> git check-ignore -v -z --stdin
> git show :snql/app/send_sms.py
> git ls-files --stage -- snql/app/
> git check-ignore -v -z --stdin
> git show :snql/snql-server.py
> git ls-files --stage -- snql/
> git show :snql/wsgi.py
> git ls-files --stage -- snql/
> git show :snql/snql.ini
> git ls-files --stage -- snql/
> git show :snql/wsgi.py
> git ls-files --stage -- snql/
> git show :snql/snql.ini
> git ls-files --stage -- snql/
> git check-ignore -v -z --stdin
> git check-ignore -v -z --stdin
> git check-ignore -v -z --stdin
> git check-ignore -v -z --stdin
> git show :snql/requirements.txt
> git ls-files --stage -- snql/
> git show :snql/snql.ini
> git ls-files --stage -- snql/
> git show :snql/snql.sock
> git ls-files --stage -- snql/
> git check-ignore -v -z --stdin
> git show :snql/requirements.txt
> git ls-files --stage -- snql/
> git show :snql/snql.sock
> git ls-files --stage -- snql/
> git show :snql/wsgi.py
> git ls-files --stage -- snql/
> git show :snql/snql.sock
> git ls-files --stage -- snql/
> git show :snql/snql.ini
> git ls-files --stage -- snql/
> git check-ignore -v -z --stdin
> git check-ignore -v -z --stdin
> git show :snql/wsgi.py
> git ls-files --stage -- snql/
> git show :snql/snql.ini
> git ls-files --stage -- snql/
> git show :snql/snql.ini
> git ls-files --stage -- snql/
> git status -z -u
> git symbolic-ref --short HEAD
> git rev-parse master
> git rev-parse --symbolic-full-name master@{u}
> git rev-list --left-right master...refs/remotes/origin/master
> git for-each-ref --format %(refname) %(objectname) --sort -committerdate
> git remote --verbose
> git show :snql/snql-server.py
> git ls-files --stage -- snql/
> git show :snql/snql.ini
> git ls-files --stage -- snql/
> git show :snql/app/send_sms.py
> git ls-files --stage -- snql/app/
> git show :snql/app/routes.py
> git ls-files --stage -- snql/app/
> git show :snql/wsgi.py
> git ls-files --stage -- snql/
> git show :snql/requirements.txt
> git ls-files --stage -- snql/
> git show :snql/wsgi.py
> git ls-files --stage -- snql/
> git show :snql/app/send_sms.py
> git ls-files --stage -- snql/app/
> git show :snql/app/routes.py
> git ls-files --stage -- snql/app/
> git check-ignore -v -z --stdin
> git show :snql/app/data_scripts/data_api.py
> git ls-files --stage -- snql/app/data_scripts/
> git show :snql/app/forms.py
> git ls-files --stage -- snql/app/
> git show :snql/app/send_sms.py
> git ls-files --stage -- snql/app/
> git show :snql/app/routes.py
> git ls-files --stage -- snql/app/
> git show :snql/app/data_scripts/data_hooks.py
> git ls-files --stage -- snql/app/data_scripts/
> git show :snql/app/routes.py
> git ls-files --stage -- snql/app/
> git show :snql/app/send_sms.py
> git ls-files --stage -- snql/app/
> git show :snql/app/data_scripts/data_hooks.py
> git ls-files --stage -- snql/app/data_scripts/
> git show :snql/app/routes.py
> git ls-files --stage -- snql/app/
> git show :snql/app/data_scripts/data_hooks.py
> git ls-files --stage -- snql/app/data_scripts/
> git show :snql/app/routes.py
> git ls-files --stage -- snql/app/
> git show :snql/app/data_scripts/data_hooks.py
> git ls-files --stage -- snql/app/data_scripts/
> git show :snql/app/routes.py
> git ls-files --stage -- snql/app/
> git show :snql/app/forms.py
> git ls-files --stage -- snql/app/
> git show :snql/app/data_scripts/data_hooks.py
> git ls-files --stage -- snql/app/data_scripts/
> git show :snql/app/forms.py
> git ls-files --stage -- snql/app/
> git show :snql/app/data_scripts/data_hooks.py
> git ls-files --stage -- snql/app/data_scripts/
> git show :snql/app/routes.py
> git ls-files --stage -- snql/app/
> git show :snql/app/send_sms.py
> git ls-files --stage -- snql/app/
> git show :snql/app/routes.py
> git ls-files --stage -- snql/app/
> git show :snql/app/data_scripts/data_hooks.py
> git ls-files --stage -- snql/app/data_scripts/
> git show :snql/app/routes.py
> git ls-files --stage -- snql/app/
> git show :snql/app/data_scripts/data_hooks.py
> git ls-files --stage -- snql/app/data_scripts/
> git show :snql/snql.ini
> git show :snql/app/data_scripts/data_hooks.py
> git ls-files --stage -- snql/app/data_scripts/
> git show :snql/wsgi.py
> git show :snql/app/data_scripts/data_hooks.py
> git ls-files --stage -- snql/app/data_scripts/
> git show :snql/app/forms.py
> git ls-files --stage -- snql/app/
> git show :snql/app/data_scripts/data_configs.py
> git ls-files --stage -- snql/app/data_scripts/
> git show :snql/app/data_scripts/data_hooks.py
> git ls-files --stage -- snql/app/data_scripts/
> git show :snql/app/routes.py
> git ls-files --stage -- snql/app/
> git show :snql/app/data_scripts/data_hooks.py
> git ls-files --stage -- snql/app/data_scripts/
> git show :snql/app/routes.py
> git ls-files --stage -- snql/app/
> git show :snql/app/data_scripts/data_hooks.py
> git ls-files --stage -- snql/app/data_scripts/
> git show :snql/app/routes.py
> git ls-files --stage -- snql/app/
> git show :snql/app/data_scripts/data_hooks.py
> git ls-files --stage -- snql/app/data_scripts/
> git show :snql/app/routes.py
> git ls-files --stage -- snql/app/
> git show :snql/app/data_scripts/data_hooks.py
> git ls-files --stage -- snql/app/data_scripts/
> git show :snql/app/forms.py
> git ls-files --stage -- snql/app/
> git show :snql/app/routes.py
> git ls-files --stage -- snql/app/
> git show :snql/app/forms.py
> git ls-files --stage -- snql/app/
> git show :snql/app/routes.py
> git ls-files --stage -- snql/app/
> git show :snql/app/data_scripts/data_hooks.py
> git ls-files --stage -- snql/app/data_scripts/
> git show :snql/app/routes.py
> git ls-files --stage -- snql/app/
> git show :snql/app/data_scripts/data_hooks.py
> git ls-files --stage -- snql/app/data_scripts/
> git show :snql/requirements.txt
> git ls-files --stage -- snql/
> git show :snql/app/data_scripts/data_hooks.py
> git ls-files --stage -- snql/app/data_scripts/
> git show :snql/app/data_scripts/data_hooks.py
> git ls-files --stage -- snql/app/data_scripts/
> git show :snql/requirements.txt
> git ls-files --stage -- snql/
> git show :snql/app/data_scripts/data_hooks.py
> git ls-files --stage -- snql/app/data_scripts/
> git show :snql/requirements.txt
> git ls-files --stage -- snql/
> git show :snql/app/data_scripts/data_hooks.py
> git ls-files --stage -- snql/app/data_scripts/
> git show :snql/app/send_sms.py
> git ls-files --stage -- snql/app/
> git show :snql/app/routes.py
> git ls-files --stage -- snql/app/
> git show :snql/app/data_scripts/data_hooks.py
> git ls-files --stage -- snql/app/data_scripts/
> git show :snql/app/routes.py
> git ls-files --stage -- snql/app/
> git show :snql/app/data_scripts/data_hooks.py
> git ls-files --stage -- snql/app/data_scripts/
> git show :snql/app/routes.py
> git ls-files --stage -- snql/app/
> git show :snql/app/data_scripts/data_hooks.py
> git ls-files --stage -- snql/app/data_scripts/
> git show :snql/app/routes.py
> git ls-files --stage -- snql/app/
> git show :snql/app/send_sms.py
> git ls-files --stage -- snql/app/
> git show :snql/app/data_scripts/data_hooks.py
> git ls-files --stage -- snql/app/data_scripts/
> git show :snql/app/routes.py
> git ls-files --stage -- snql/app/
> git check-ignore -v -z --stdin
> git add -A -- .
> git commit --quiet --allow-empty-message --file -

*** Please tell me who you are.

Run

  git config --global user.email "you@example.com"
  git config --global user.name "Your Name"

to set your account's default identity.
Omit --global to set the identity only in this repository.

fatal: unable to auto-detect email address (got 'jgage@snql-webserver.(none)')
> git config --get-all user.name
> git show :snql/app/routes.py
> git show :snql/app/routes.py
> git show :snql/app/routes.py
> git add -A -- .
> git commit --quiet --allow-empty-message --file -
> git status -z -u
> git symbolic-ref --short HEAD
> git rev-parse master
> git rev-parse --symbolic-full-name master@{u}
> git rev-list --left-right master...refs/remotes/origin/master
> git for-each-ref --format %(refname) %(objectname) --sort -committerdate
> git remote --verbose
> git config --get commit.template
> git show :snql/app/routes.py
> git check-ignore -v -z --stdin
git.stage 1
git.stage.scmResources 1
> git add -A -- /home/jgage/.vscode-server/data/logs/20191020T131537/exthost1/output_logging_20191020T131540/1-Git.log
> git status -z -u
> git symbolic-ref --short HEAD
> git rev-parse master
> git rev-parse --symbolic-full-name master@{u}
> git rev-list --left-right master...refs/remotes/origin/master
> git for-each-ref --format %(refname) %(objectname) --sort -committerdate
> git remote --verbose
> git show :snql/app/routes.py
> git commit --quiet --allow-empty-message --file -
> git status -z -u
> git symbolic-ref --short HEAD
> git rev-parse master
> git rev-parse --symbolic-full-name master@{u}
> git rev-list --left-right master...refs/remotes/origin/master
> git for-each-ref --format %(refname) %(objectname) --sort -committerdate
> git remote --verbose
> git config --get commit.template
> git show :snql/app/routes.py
> git push origin master:master
Bad owner or permissions on /home/jgage/.ssh/config
fatal: Could not read from remote repository.

Please make sure you have the correct access rights
and the repository exists.
> git show :snql/app/routes.py
> git status -z -u
> git symbolic-ref --short HEAD
> git rev-parse master
> git rev-parse --symbolic-full-name master@{u}
> git rev-list --left-right master...refs/remotes/origin/master
> git for-each-ref --format %(refname) %(objectname) --sort -committerdate
> git remote --verbose
> git show :snql/app/routes.py
> git show :snql/.gitignore
> git show :snql/.gitconfig
> git show :snql/.gitignore
> git show :snql/.gitconfig
> git show :snql/.gitignore
> git status -z -u
> git symbolic-ref --short HEAD
> git rev-parse master
> git rev-parse --symbolic-full-name master@{u}
> git rev-list --left-right master...refs/remotes/origin/master
> git for-each-ref --format %(refname) %(objectname) --sort -committerdate
> git remote --verbose
> git show :snql/.gitignore
> git status -z -u
> git symbolic-ref --short HEAD
> git rev-parse master
> git rev-parse --symbolic-full-name master@{u}
> git rev-list --left-right master...refs/remotes/origin/master
> git for-each-ref --format %(refname) %(objectname) --sort -committerdate
> git remote --verbose
> git show :snql/.gitignore
> git status -z -u
> git symbolic-ref --short HEAD
> git rev-parse master
> git rev-parse --symbolic-full-name master@{u}
> git rev-list --left-right master...refs/remotes/origin/master
> git for-each-ref --format %(refname) %(objectname) --sort -committerdate
> git remote --verbose
> git show :snql/.gitignore
> git status -z -u
> git symbolic-ref --short HEAD
> git rev-parse master
> git rev-parse --symbolic-full-name master@{u}
> git rev-list --left-right master...refs/remotes/origin/master
> git for-each-ref --format %(refname) %(objectname) --sort -committerdate
> git remote --verbose
> git show :snql/.gitignore
> git check-ignore -v -z --stdin
> git status -z -u
> git symbolic-ref --short HEAD
> git rev-parse master
> git rev-parse --symbolic-full-name master@{u}
> git rev-list --left-right master...refs/remotes/origin/master
> git for-each-ref --format %(refname) %(objectname) --sort -committerdate
> git remote --verbose
> git show :snql/.gitignore
> git status -z -u
> git symbolic-ref --short HEAD
> git rev-parse master
> git rev-parse --symbolic-full-name master@{u}
> git rev-list --left-right master...refs/remotes/origin/master
> git for-each-ref --format %(refname) %(objectname) --sort -committerdate
> git remote --verbose
> git show :snql/.gitignore
> git status -z -u
> git symbolic-ref --short HEAD
> git rev-parse master
> git rev-parse --symbolic-full-name master@{u}
> git rev-list --left-right master...refs/remotes/origin/master
> git for-each-ref --format %(refname) %(objectname) --sort -committerdate
> git remote --verbose
> git show :snql/.gitignore
> git check-ignore -v -z --stdin
> git check-ignore -v -z --stdin
> git check-ignore -v -z --stdin
> git status -z -u
> git symbolic-ref --short HEAD
> git rev-parse master
> git rev-parse --symbolic-full-name master@{u}
> git rev-list --left-right master...refs/remotes/origin/master
> git for-each-ref --format %(refname) %(objectname) --sort -committerdate
> git remote --verbose
> git show :snql/.gitignore
> git check-ignore -v -z --stdin
> git check-ignore -v -z --stdin
> git status -z -u
> git symbolic-ref --short HEAD
> git rev-parse master
> git rev-parse --symbolic-full-name master@{u}
> git rev-list --left-right master...refs/remotes/origin/master
> git for-each-ref --format %(refname) %(objectname) --sort -committerdate
> git remote --verbose
> git show :snql/.gitignore
> git show :.ssh/known_hosts
> git show :snql/.gitignore
> git check-ignore -v -z --stdin
> git status -z -u
> git symbolic-ref --short HEAD
> git rev-parse master
> git rev-parse --symbolic-full-name master@{u}
> git rev-list --left-right master...refs/remotes/origin/master
> git for-each-ref --format %(refname) %(objectname) --sort -committerdate
> git remote --verbose
> git show :snql/.gitignore
