Remote configuration data at /home/jgage/.vscode-server


*
* Visual Studio Code Server
*
* Reminder: You may only use this software with Visual Studio family products,
* as described in the license https://aka.ms/vscode-remote/license
*


IP Address: 159.203.109.126
IP Address: 10.17.0.5
Extension host agent listening on 43816
==> Received an extension host connection.
==> Using UI language: en
==> Received a management connection
bash: cannot set terminal process group (-1): Inappropriate ioctl for device
bash: no job control in this shell
EXTHOST: PROCESS EXITED
0
null
==> Received a management connection
==> Received an extension host connection.
==> Using UI language: en
==> Received a management connection
==> Received a management connection
==> Received a management connection
EXTHOST: PROCESS EXITED
0
null
==> Received an extension host connection.
==> Using UI language: en
==> Received a management connection
EXTHOST: PROCESS EXITED
0
null
==> Received an extension host connection.
==> Using UI language: en
==> Received a management connection
EXTHOST: PROCESS EXITED
0
null
